<?xml version="1.0" encoding="UTF-8"?>
<!-- Generated by org.testng.reporters.JUnitReportReporter -->
<testsuite hostname="DESKTOP-KBP020S" failures="0" tests="1" name="com.swaglab.testCases.TC_CheckoutDisc_005" time="1.097" errors="0" timestamp="2022-08-05T13:43:14 IST" skipped="0">
  <testcase classname="com.swaglab.testCases.TC_CheckoutDisc_005" name="TC_COD_001" time="1.097"/>
  <system-out/>
</testsuite> <!-- com.swaglab.testCases.TC_CheckoutDisc_005 -->
