<?xml version="1.0" encoding="UTF-8"?>
<!-- Generated by org.testng.reporters.JUnitReportReporter -->
<testsuite hostname="DESKTOP-KBP020S" failures="0" tests="1" name="com.swaglab.testCases.TC_LoginTest_001" time="1.061" errors="0" timestamp="2022-08-05T13:43:14 IST" skipped="0">
  <testcase classname="com.swaglab.testCases.TC_LoginTest_001" name="TC_LF_001" time="1.061"/>
  <system-out/>
</testsuite> <!-- com.swaglab.testCases.TC_LoginTest_001 -->
